# JRE version: OpenJDK Runtime Environment Temurin-11.0.25+9 (11.0.25+9) (build 11.0.25+9)
# Java VM: OpenJDK 64-Bit Client VM Temurin-11.0.25+9 (11.0.25+9, mixed mode, serial gc, windows-amd64)
Heap:
 def new generation   total 61184K, used 6713K [0x000002a2c0e00000, 0x000002a2c5060000, 0x000002a2c6350000)
  eden space 54400K,  12% used [0x000002a2c0e00000, 0x000002a2c148e610, 0x000002a2c4320000)
  from space 6784K,   0% used [0x000002a2c49c0000, 0x000002a2c49c0000, 0x000002a2c5060000)
  to   space 6784K,   0% used [0x000002a2c4320000, 0x000002a2c4320000, 0x000002a2c49c0000)
 tenured generation   total 135788K, used 54670K [0x000002a2c6350000, 0x000002a2ce7eb000, 0x000002a2d0e00000)
   the space 135788K,  40% used [0x000002a2c6350000, 0x000002a2c98b3b30, 0x000002a2c98b3c00, 0x000002a2ce7eb000)
 Metaspace       used 51399K, capacity 51842K, committed 52224K, reserved 53248K
GC Heap History (20 events):
Event: 11.188 GC heap before
{Heap before GC invocations=46 (full 21):
 def new generation   total 61184K, used 54400K [0x000002a2c0e00000, 0x000002a2c5060000, 0x000002a2c6350000)
  eden space 54400K, 100% used [0x000002a2c0e00000, 0x000002a2c4320000, 0x000002a2c4320000)
  from space 6784K,   0% used [0x000002a2c49c0000, 0x000002a2c49c0000, 0x000002a2c5060000)
  to   space 6784K,   0% used [0x000002a2c4320000, 0x000002a2c4320000, 0x000002a2c49c0000)
 tenured generation   total 135788K, used 47070K [0x000002a2c6350000, 0x000002a2ce7eb000, 0x000002a2d0e00000)
   the space 135788K,  34% used [0x000002a2c6350000, 0x000002a2c9147b70, 0x000002a2c9147c00, 0x000002a2ce7eb000)
 Metaspace       used 47129K, capacity 47526K, committed 47616K, reserved 49152K
}
Event: 11.194 GC heap after
{Heap after GC invocations=47 (full 21):
 def new generation   total 61184K, used 4423K [0x000002a2c0e00000, 0x000002a2c5060000, 0x000002a2c6350000)
  eden space 54400K,   0% used [0x000002a2c0e00000, 0x000002a2c0e00000, 0x000002a2c4320000)
  from space 6784K,  65% used [0x000002a2c4320000, 0x000002a2c4771e68, 0x000002a2c49c0000)
  to   space 6784K,   0% used [0x000002a2c49c0000, 0x000002a2c49c0000, 0x000002a2c5060000)
 tenured generation   total 135788K, used 66558K [0x000002a2c6350000, 0x000002a2ce7eb000, 0x000002a2d0e00000)
   the space 135788K,  49% used [0x000002a2c6350000, 0x000002a2ca44f9a0, 0x000002a2ca44fa00, 0x000002a2ce7eb000)
 Metaspace       used 47129K, capacity 47526K, committed 47616K, reserved 49152K
}
Event: 22.434 GC heap before
{Heap before GC invocations=47 (full 21):
 def new generation   total 61184K, used 58823K [0x000002a2c0e00000, 0x000002a2c5060000, 0x000002a2c6350000)
  eden space 54400K, 100% used [0x000002a2c0e00000, 0x000002a2c4320000, 0x000002a2c4320000)
  from space 6784K,  65% used [0x000002a2c4320000, 0x000002a2c4771e68, 0x000002a2c49c0000)
  to   space 6784K,   0% used [0x000002a2c49c0000, 0x000002a2c49c0000, 0x000002a2c5060000)
 tenured generation   total 135788K, used 66558K [0x000002a2c6350000, 0x000002a2ce7eb000, 0x000002a2d0e00000)
   the space 135788K,  49% used [0x000002a2c6350000, 0x000002a2ca44f9a0, 0x000002a2ca44fa00, 0x000002a2ce7eb000)
 Metaspace       used 49553K, capacity 49984K, committed 50176K, reserved 51200K
}
Event: 22.439 GC heap after
{Heap after GC invocations=48 (full 21):
 def new generation   total 61184K, used 2719K [0x000002a2c0e00000, 0x000002a2c5060000, 0x000002a2c6350000)
  eden space 54400K,   0% used [0x000002a2c0e00000, 0x000002a2c0e00000, 0x000002a2c4320000)
  from space 6784K,  40% used [0x000002a2c49c0000, 0x000002a2c4c67fa8, 0x000002a2c5060000)
  to   space 6784K,   0% used [0x000002a2c4320000, 0x000002a2c4320000, 0x000002a2c49c0000)
 tenured generation   total 135788K, used 70910K [0x000002a2c6350000, 0x000002a2ce7eb000, 0x000002a2d0e00000)
   the space 135788K,  52% used [0x000002a2c6350000, 0x000002a2ca88f930, 0x000002a2ca88fa00, 0x000002a2ce7eb000)
 Metaspace       used 49553K, capacity 49984K, committed 50176K, reserved 51200K
}
Event: 22.479 GC heap before
{Heap before GC invocations=48 (full 21):
 def new generation   total 61184K, used 4071K [0x000002a2c0e00000, 0x000002a2c5060000, 0x000002a2c6350000)
  eden space 54400K,   2% used [0x000002a2c0e00000, 0x000002a2c0f51cd0, 0x000002a2c4320000)
  from space 6784K,  40% used [0x000002a2c49c0000, 0x000002a2c4c67fa8, 0x000002a2c5060000)
  to   space 6784K,   0% used [0x000002a2c4320000, 0x000002a2c4320000, 0x000002a2c49c0000)
 tenured generation   total 135788K, used 70910K [0x000002a2c6350000, 0x000002a2ce7eb000, 0x000002a2d0e00000)
   the space 135788K,  52% used [0x000002a2c6350000, 0x000002a2ca88f930, 0x000002a2ca88fa00, 0x000002a2ce7eb000)
 Metaspace       used 49553K, capacity 49984K, committed 50176K, reserved 51200K
}
Event: 22.519 GC heap after
{Heap after GC invocations=49 (full 22):
 def new generation   total 61184K, used 0K [0x000002a2c0e00000, 0x000002a2c5060000, 0x000002a2c6350000)
  eden space 54400K,   0% used [0x000002a2c0e00000, 0x000002a2c0e00000, 0x000002a2c4320000)
  from space 6784K,   0% used [0x000002a2c49c0000, 0x000002a2c49c0000, 0x000002a2c5060000)
  to   space 6784K,   0% used [0x000002a2c4320000, 0x000002a2c4320000, 0x000002a2c49c0000)
 tenured generation   total 135788K, used 73634K [0x000002a2c6350000, 0x000002a2ce7eb000, 0x000002a2d0e00000)
   the space 135788K,  54% used [0x000002a2c6350000, 0x000002a2cab389a8, 0x000002a2cab38a00, 0x000002a2ce7eb000)
 Metaspace       used 49553K, capacity 49984K, committed 50176K, reserved 51200K
}
Event: 42.101 GC heap before
{Heap before GC invocations=49 (full 22):
 def new generation   total 61184K, used 54400K [0x000002a2c0e00000, 0x000002a2c5060000, 0x000002a2c6350000)
  eden space 54400K, 100% used [0x000002a2c0e00000, 0x000002a2c4320000, 0x000002a2c4320000)
  from space 6784K,   0% used [0x000002a2c49c0000, 0x000002a2c49c0000, 0x000002a2c5060000)
  to   space 6784K,   0% used [0x000002a2c4320000, 0x000002a2c4320000, 0x000002a2c49c0000)
 tenured generation   total 135788K, used 73634K [0x000002a2c6350000, 0x000002a2ce7eb000, 0x000002a2d0e00000)
   the space 135788K,  54% used [0x000002a2c6350000, 0x000002a2cab389a8, 0x000002a2cab38a00, 0x000002a2ce7eb000)
 Metaspace       used 50018K, capacity 50471K, committed 50688K, reserved 51200K
}
Event: 42.103 GC heap after
{Heap after GC invocations=50 (full 22):
 def new generation   total 61184K, used 3669K [0x000002a2c0e00000, 0x000002a2c5060000, 0x000002a2c6350000)
  eden space 54400K,   0% used [0x000002a2c0e00000, 0x000002a2c0e00000, 0x000002a2c4320000)
  from space 6784K,  54% used [0x000002a2c4320000, 0x000002a2c46b5628, 0x000002a2c49c0000)
  to   space 6784K,   0% used [0x000002a2c49c0000, 0x000002a2c49c0000, 0x000002a2c5060000)
 tenured generation   total 135788K, used 73634K [0x000002a2c6350000, 0x000002a2ce7eb000, 0x000002a2d0e00000)
   the space 135788K,  54% used [0x000002a2c6350000, 0x000002a2cab389a8, 0x000002a2cab38a00, 0x000002a2ce7eb000)
 Metaspace       used 50018K, capacity 50471K, committed 50688K, reserved 51200K
}
Event: 42.150 GC heap before
{Heap before GC invocations=50 (full 22):
 def new generation   total 61184K, used 9966K [0x000002a2c0e00000, 0x000002a2c5060000, 0x000002a2c6350000)
  eden space 54400K,  11% used [0x000002a2c0e00000, 0x000002a2c14263d0, 0x000002a2c4320000)
  from space 6784K,  54% used [0x000002a2c4320000, 0x000002a2c46b5628, 0x000002a2c49c0000)
  to   space 6784K,   0% used [0x000002a2c49c0000, 0x000002a2c49c0000, 0x000002a2c5060000)
 tenured generation   total 135788K, used 73634K [0x000002a2c6350000, 0x000002a2ce7eb000, 0x000002a2d0e00000)
   the space 135788K,  54% used [0x000002a2c6350000, 0x000002a2cab389a8, 0x000002a2cab38a00, 0x000002a2ce7eb000)
 Metaspace       used 50373K, capacity 50867K, committed 50944K, reserved 51200K
}
Event: 42.197 GC heap after
{Heap after GC invocations=51 (full 23):
 def new generation   total 61184K, used 0K [0x000002a2c0e00000, 0x000002a2c5060000, 0x000002a2c6350000)
  eden space 54400K,   0% used [0x000002a2c0e00000, 0x000002a2c0e00000, 0x000002a2c4320000)
  from space 6784K,   0% used [0x000002a2c4320000, 0x000002a2c4320000, 0x000002a2c49c0000)
  to   space 6784K,   0% used [0x000002a2c49c0000, 0x000002a2c49c0000, 0x000002a2c5060000)
 tenured generation   total 135788K, used 77825K [0x000002a2c6350000, 0x000002a2ce7eb000, 0x000002a2d0e00000)
   the space 135788K,  57% used [0x000002a2c6350000, 0x000002a2caf506e0, 0x000002a2caf50800, 0x000002a2ce7eb000)
 Metaspace       used 50311K, capacity 50790K, committed 50944K, reserved 51200K
}
Event: 63.038 GC heap before
{Heap before GC invocations=51 (full 23):
 def new generation   total 61184K, used 54400K [0x000002a2c0e00000, 0x000002a2c5060000, 0x000002a2c6350000)
  eden space 54400K, 100% used [0x000002a2c0e00000, 0x000002a2c4320000, 0x000002a2c4320000)
  from space 6784K,   0% used [0x000002a2c4320000, 0x000002a2c4320000, 0x000002a2c49c0000)
  to   space 6784K,   0% used [0x000002a2c49c0000, 0x000002a2c49c0000, 0x000002a2c5060000)
 tenured generation   total 135788K, used 77825K [0x000002a2c6350000, 0x000002a2ce7eb000, 0x000002a2d0e00000)
   the space 135788K,  57% used [0x000002a2c6350000, 0x000002a2caf506e0, 0x000002a2caf50800, 0x000002a2ce7eb000)
 Metaspace       used 51104K, capacity 51581K, committed 51712K, reserved 53248K
}
Event: 63.042 GC heap after
{Heap after GC invocations=52 (full 23):
 def new generation   total 61184K, used 2138K [0x000002a2c0e00000, 0x000002a2c5060000, 0x000002a2c6350000)
  eden space 54400K,   0% used [0x000002a2c0e00000, 0x000002a2c0e00000, 0x000002a2c4320000)
  from space 6784K,  31% used [0x000002a2c49c0000, 0x000002a2c4bd6810, 0x000002a2c5060000)
  to   space 6784K,   0% used [0x000002a2c4320000, 0x000002a2c4320000, 0x000002a2c49c0000)
 tenured generation   total 135788K, used 87569K [0x000002a2c6350000, 0x000002a2ce7eb000, 0x000002a2d0e00000)
   the space 135788K,  64% used [0x000002a2c6350000, 0x000002a2cb8d45f8, 0x000002a2cb8d4600, 0x000002a2ce7eb000)
 Metaspace       used 51104K, capacity 51581K, committed 51712K, reserved 53248K
}
Event: 143.009 GC heap before
{Heap before GC invocations=52 (full 23):
 def new generation   total 61184K, used 56554K [0x000002a2c0e00000, 0x000002a2c5060000, 0x000002a2c6350000)
  eden space 54400K, 100% used [0x000002a2c0e00000, 0x000002a2c4320000, 0x000002a2c4320000)
  from space 6784K,  31% used [0x000002a2c49c0000, 0x000002a2c4bda9e0, 0x000002a2c5060000)
  to   space 6784K,   0% used [0x000002a2c4320000, 0x000002a2c4320000, 0x000002a2c49c0000)
 tenured generation   total 135788K, used 87569K [0x000002a2c6350000, 0x000002a2ce7eb000, 0x000002a2d0e00000)
   the space 135788K,  64% used [0x000002a2c6350000, 0x000002a2cb8d45f8, 0x000002a2cb8d4600, 0x000002a2ce7eb000)
 Metaspace       used 51107K, capacity 51581K, committed 51712K, reserved 53248K
}
Event: 143.016 GC heap after
{Heap after GC invocations=53 (full 23):
 def new generation   total 61184K, used 4697K [0x000002a2c0e00000, 0x000002a2c5060000, 0x000002a2c6350000)
  eden space 54400K,   0% used [0x000002a2c0e00000, 0x000002a2c0e00000, 0x000002a2c4320000)
  from space 6784K,  69% used [0x000002a2c4320000, 0x000002a2c47b66c8, 0x000002a2c49c0000)
  to   space 6784K,   0% used [0x000002a2c49c0000, 0x000002a2c49c0000, 0x000002a2c5060000)
 tenured generation   total 135788K, used 107057K [0x000002a2c6350000, 0x000002a2ce7eb000, 0x000002a2d0e00000)
   the space 135788K,  78% used [0x000002a2c6350000, 0x000002a2ccbdc428, 0x000002a2ccbdc600, 0x000002a2ce7eb000)
 Metaspace       used 51107K, capacity 51581K, committed 51712K, reserved 53248K
}
Event: 143.059 GC heap before
{Heap before GC invocations=53 (full 23):
 def new generation   total 61184K, used 5786K [0x000002a2c0e00000, 0x000002a2c5060000, 0x000002a2c6350000)
  eden space 54400K,   2% used [0x000002a2c0e00000, 0x000002a2c0f10398, 0x000002a2c4320000)
  from space 6784K,  69% used [0x000002a2c4320000, 0x000002a2c47b66c8, 0x000002a2c49c0000)
  to   space 6784K,   0% used [0x000002a2c49c0000, 0x000002a2c49c0000, 0x000002a2c5060000)
 tenured generation   total 135788K, used 107057K [0x000002a2c6350000, 0x000002a2ce7eb000, 0x000002a2d0e00000)
   the space 135788K,  78% used [0x000002a2c6350000, 0x000002a2ccbdc428, 0x000002a2ccbdc600, 0x000002a2ce7eb000)
 Metaspace       used 51107K, capacity 51581K, committed 51712K, reserved 53248K
}
Event: 143.114 GC heap after
{Heap after GC invocations=54 (full 24):
 def new generation   total 61184K, used 0K [0x000002a2c0e00000, 0x000002a2c5060000, 0x000002a2c6350000)
  eden space 54400K,   0% used [0x000002a2c0e00000, 0x000002a2c0e00000, 0x000002a2c4320000)
  from space 6784K,   0% used [0x000002a2c4320000, 0x000002a2c4320000, 0x000002a2c49c0000)
  to   space 6784K,   0% used [0x000002a2c49c0000, 0x000002a2c49c0000, 0x000002a2c5060000)
 tenured generation   total 135788K, used 70803K [0x000002a2c6350000, 0x000002a2ce7eb000, 0x000002a2d0e00000)
   the space 135788K,  52% used [0x000002a2c6350000, 0x000002a2ca874e18, 0x000002a2ca875000, 0x000002a2ce7eb000)
 Metaspace       used 50871K, capacity 51298K, committed 51712K, reserved 53248K
}
Event: 157.349 GC heap before
{Heap before GC invocations=54 (full 24):
 def new generation   total 61184K, used 54400K [0x000002a2c0e00000, 0x000002a2c5060000, 0x000002a2c6350000)
  eden space 54400K, 100% used [0x000002a2c0e00000, 0x000002a2c4320000, 0x000002a2c4320000)
  from space 6784K,   0% used [0x000002a2c4320000, 0x000002a2c4320000, 0x000002a2c49c0000)
  to   space 6784K,   0% used [0x000002a2c49c0000, 0x000002a2c49c0000, 0x000002a2c5060000)
 tenured generation   total 135788K, used 70803K [0x000002a2c6350000, 0x000002a2ce7eb000, 0x000002a2d0e00000)
   the space 135788K,  52% used [0x000002a2c6350000, 0x000002a2ca874e18, 0x000002a2ca875000, 0x000002a2ce7eb000)
 Metaspace       used 50871K, capacity 51298K, committed 51712K, reserved 53248K
}
Event: 157.350 GC heap after
{Heap after GC invocations=55 (full 24):
 def new generation   total 61184K, used 244K [0x000002a2c0e00000, 0x000002a2c5060000, 0x000002a2c6350000)
  eden space 54400K,   0% used [0x000002a2c0e00000, 0x000002a2c0e00000, 0x000002a2c4320000)
  from space 6784K,   3% used [0x000002a2c49c0000, 0x000002a2c49fd1b8, 0x000002a2c5060000)
  to   space 6784K,   0% used [0x000002a2c4320000, 0x000002a2c4320000, 0x000002a2c49c0000)
 tenured generation   total 135788K, used 70803K [0x000002a2c6350000, 0x000002a2ce7eb000, 0x000002a2d0e00000)
   the space 135788K,  52% used [0x000002a2c6350000, 0x000002a2ca874e18, 0x000002a2ca875000, 0x000002a2ce7eb000)
 Metaspace       used 50871K, capacity 51298K, committed 51712K, reserved 53248K
}
Event: 190.912 GC heap before
{Heap before GC invocations=55 (full 24):
 def new generation   total 61184K, used 36001K [0x000002a2c0e00000, 0x000002a2c5060000, 0x000002a2c6350000)
  eden space 54400K,  65% used [0x000002a2c0e00000, 0x000002a2c30eb490, 0x000002a2c4320000)
  from space 6784K,   3% used [0x000002a2c49c0000, 0x000002a2c49fd1b8, 0x000002a2c5060000)
  to   space 6784K,   0% used [0x000002a2c4320000, 0x000002a2c4320000, 0x000002a2c49c0000)
 tenured generation   total 135788K, used 70803K [0x000002a2c6350000, 0x000002a2ce7eb000, 0x000002a2d0e00000)
   the space 135788K,  52% used [0x000002a2c6350000, 0x000002a2ca874e18, 0x000002a2ca875000, 0x000002a2ce7eb000)
 Metaspace       used 51049K, capacity 51436K, committed 51712K, reserved 53248K
}
Event: 190.953 GC heap after
{Heap after GC invocations=56 (full 25):
 def new generation   total 61184K, used 0K [0x000002a2c0e00000, 0x000002a2c5060000, 0x000002a2c6350000)
  eden space 54400K,   0% used [0x000002a2c0e00000, 0x000002a2c0e00000, 0x000002a2c4320000)
  from space 6784K,   0% used [0x000002a2c49c0000, 0x000002a2c49c0000, 0x000002a2c5060000)
  to   space 6784K,   0% used [0x000002a2c4320000, 0x000002a2c4320000, 0x000002a2c49c0000)
 tenured generation   total 135788K, used 54670K [0x000002a2c6350000, 0x000002a2ce7eb000, 0x000002a2d0e00000)
   the space 135788K,  40% used [0x000002a2c6350000, 0x000002a2c98b3b30, 0x000002a2c98b3c00, 0x000002a2ce7eb000)
 Metaspace       used 51049K, capacity 51436K, committed 51712K, reserved 53248K
}

