# JRE version: OpenJDK Runtime Environment Temurin-11.0.25+9 (11.0.25+9) (build 11.0.25+9)
# Java VM: OpenJDK 64-Bit Client VM Temurin-11.0.25+9 (11.0.25+9, mixed mode, serial gc, windows-amd64)
Heap:
 def new generation   total 77760K, used 29752K [0x000001dc82000000, 0x000001dc87460000, 0x000001dc97550000)
  eden space 69120K,  41% used [0x000001dc82000000, 0x000001dc83c2fad0, 0x000001dc86380000)
  from space 8640K,  10% used [0x000001dc86380000, 0x000001dc8645e850, 0x000001dc86bf0000)
  to   space 8640K,   0% used [0x000001dc86bf0000, 0x000001dc86bf0000, 0x000001dc87460000)
 tenured generation   total 172644K, used 126374K [0x000001dc97550000, 0x000001dca1de9000, 0x000001dcc2000000)
   the space 172644K,  73% used [0x000001dc97550000, 0x000001dc9f0b9a58, 0x000001dc9f0b9c00, 0x000001dca1de9000)
 Metaspace       used 51288K, capacity 51745K, committed 51884K, reserved 53248K
GC Heap History (20 events):
Event: 208.118 GC heap before
{Heap before GC invocations=56 (full 21):
 def new generation   total 77760K, used 69120K [0x000001dc82000000, 0x000001dc87460000, 0x000001dc97550000)
  eden space 69120K, 100% used [0x000001dc82000000, 0x000001dc86380000, 0x000001dc86380000)
  from space 8640K,   0% used [0x000001dc86380000, 0x000001dc86380000, 0x000001dc86bf0000)
  to   space 8640K,   0% used [0x000001dc86bf0000, 0x000001dc86bf0000, 0x000001dc87460000)
 tenured generation   total 172644K, used 103586K [0x000001dc97550000, 0x000001dca1de9000, 0x000001dcc2000000)
   the space 172644K,  59% used [0x000001dc97550000, 0x000001dc9da78868, 0x000001dc9da78a00, 0x000001dca1de9000)
 Metaspace       used 50516K, capacity 50970K, committed 51372K, reserved 53248K
}
Event: 208.118 GC heap after
{Heap after GC invocations=57 (full 21):
 def new generation   total 77760K, used 859K [0x000001dc82000000, 0x000001dc87460000, 0x000001dc97550000)
  eden space 69120K,   0% used [0x000001dc82000000, 0x000001dc82000000, 0x000001dc86380000)
  from space 8640K,   9% used [0x000001dc86bf0000, 0x000001dc86cc6ca8, 0x000001dc87460000)
  to   space 8640K,   0% used [0x000001dc86380000, 0x000001dc86380000, 0x000001dc86bf0000)
 tenured generation   total 172644K, used 103586K [0x000001dc97550000, 0x000001dca1de9000, 0x000001dcc2000000)
   the space 172644K,  59% used [0x000001dc97550000, 0x000001dc9da78868, 0x000001dc9da78a00, 0x000001dca1de9000)
 Metaspace       used 50516K, capacity 50970K, committed 51372K, reserved 53248K
}
Event: 227.284 GC heap before
{Heap before GC invocations=57 (full 21):
 def new generation   total 77760K, used 69979K [0x000001dc82000000, 0x000001dc87460000, 0x000001dc97550000)
  eden space 69120K, 100% used [0x000001dc82000000, 0x000001dc86380000, 0x000001dc86380000)
  from space 8640K,   9% used [0x000001dc86bf0000, 0x000001dc86cc6ca8, 0x000001dc87460000)
  to   space 8640K,   0% used [0x000001dc86380000, 0x000001dc86380000, 0x000001dc86bf0000)
 tenured generation   total 172644K, used 103586K [0x000001dc97550000, 0x000001dca1de9000, 0x000001dcc2000000)
   the space 172644K,  59% used [0x000001dc97550000, 0x000001dc9da78868, 0x000001dc9da78a00, 0x000001dca1de9000)
 Metaspace       used 50531K, capacity 50970K, committed 51372K, reserved 53248K
}
Event: 227.285 GC heap after
{Heap after GC invocations=58 (full 21):
 def new generation   total 77760K, used 936K [0x000001dc82000000, 0x000001dc87460000, 0x000001dc97550000)
  eden space 69120K,   0% used [0x000001dc82000000, 0x000001dc82000000, 0x000001dc86380000)
  from space 8640K,  10% used [0x000001dc86380000, 0x000001dc8646a298, 0x000001dc86bf0000)
  to   space 8640K,   0% used [0x000001dc86bf0000, 0x000001dc86bf0000, 0x000001dc87460000)
 tenured generation   total 172644K, used 103586K [0x000001dc97550000, 0x000001dca1de9000, 0x000001dcc2000000)
   the space 172644K,  59% used [0x000001dc97550000, 0x000001dc9da78868, 0x000001dc9da78a00, 0x000001dca1de9000)
 Metaspace       used 50531K, capacity 50970K, committed 51372K, reserved 53248K
}
Event: 227.672 GC heap before
{Heap before GC invocations=58 (full 21):
 def new generation   total 77760K, used 70056K [0x000001dc82000000, 0x000001dc87460000, 0x000001dc97550000)
  eden space 69120K, 100% used [0x000001dc82000000, 0x000001dc86380000, 0x000001dc86380000)
  from space 8640K,  10% used [0x000001dc86380000, 0x000001dc8646a298, 0x000001dc86bf0000)
  to   space 8640K,   0% used [0x000001dc86bf0000, 0x000001dc86bf0000, 0x000001dc87460000)
 tenured generation   total 172644K, used 103586K [0x000001dc97550000, 0x000001dca1de9000, 0x000001dcc2000000)
   the space 172644K,  59% used [0x000001dc97550000, 0x000001dc9da78868, 0x000001dc9da78a00, 0x000001dca1de9000)
 Metaspace       used 50627K, capacity 51078K, committed 51372K, reserved 53248K
}
Event: 227.673 GC heap after
{Heap after GC invocations=59 (full 21):
 def new generation   total 77760K, used 1017K [0x000001dc82000000, 0x000001dc87460000, 0x000001dc97550000)
  eden space 69120K,   0% used [0x000001dc82000000, 0x000001dc82000000, 0x000001dc86380000)
  from space 8640K,  11% used [0x000001dc86bf0000, 0x000001dc86cee7b0, 0x000001dc87460000)
  to   space 8640K,   0% used [0x000001dc86380000, 0x000001dc86380000, 0x000001dc86bf0000)
 tenured generation   total 172644K, used 103586K [0x000001dc97550000, 0x000001dca1de9000, 0x000001dcc2000000)
   the space 172644K,  59% used [0x000001dc97550000, 0x000001dc9da78868, 0x000001dc9da78a00, 0x000001dca1de9000)
 Metaspace       used 50627K, capacity 51078K, committed 51372K, reserved 53248K
}
Event: 228.214 GC heap before
{Heap before GC invocations=59 (full 21):
 def new generation   total 77760K, used 70137K [0x000001dc82000000, 0x000001dc87460000, 0x000001dc97550000)
  eden space 69120K, 100% used [0x000001dc82000000, 0x000001dc86380000, 0x000001dc86380000)
  from space 8640K,  11% used [0x000001dc86bf0000, 0x000001dc86cee7b0, 0x000001dc87460000)
  to   space 8640K,   0% used [0x000001dc86380000, 0x000001dc86380000, 0x000001dc86bf0000)
 tenured generation   total 172644K, used 103586K [0x000001dc97550000, 0x000001dca1de9000, 0x000001dcc2000000)
   the space 172644K,  59% used [0x000001dc97550000, 0x000001dc9da78868, 0x000001dc9da78a00, 0x000001dca1de9000)
 Metaspace       used 50627K, capacity 51078K, committed 51372K, reserved 53248K
}
Event: 228.215 GC heap after
{Heap after GC invocations=60 (full 21):
 def new generation   total 77760K, used 1060K [0x000001dc82000000, 0x000001dc87460000, 0x000001dc97550000)
  eden space 69120K,   0% used [0x000001dc82000000, 0x000001dc82000000, 0x000001dc86380000)
  from space 8640K,  12% used [0x000001dc86380000, 0x000001dc86489198, 0x000001dc86bf0000)
  to   space 8640K,   0% used [0x000001dc86bf0000, 0x000001dc86bf0000, 0x000001dc87460000)
 tenured generation   total 172644K, used 103586K [0x000001dc97550000, 0x000001dca1de9000, 0x000001dcc2000000)
   the space 172644K,  59% used [0x000001dc97550000, 0x000001dc9da78868, 0x000001dc9da78a00, 0x000001dca1de9000)
 Metaspace       used 50627K, capacity 51078K, committed 51372K, reserved 53248K
}
Event: 230.515 GC heap before
{Heap before GC invocations=60 (full 21):
 def new generation   total 77760K, used 70180K [0x000001dc82000000, 0x000001dc87460000, 0x000001dc97550000)
  eden space 69120K, 100% used [0x000001dc82000000, 0x000001dc86380000, 0x000001dc86380000)
  from space 8640K,  12% used [0x000001dc86380000, 0x000001dc86489198, 0x000001dc86bf0000)
  to   space 8640K,   0% used [0x000001dc86bf0000, 0x000001dc86bf0000, 0x000001dc87460000)
 tenured generation   total 172644K, used 103586K [0x000001dc97550000, 0x000001dca1de9000, 0x000001dcc2000000)
   the space 172644K,  59% used [0x000001dc97550000, 0x000001dc9da78868, 0x000001dc9da78a00, 0x000001dca1de9000)
 Metaspace       used 50825K, capacity 51270K, committed 51628K, reserved 53248K
}
Event: 230.516 GC heap after
{Heap after GC invocations=61 (full 21):
 def new generation   total 77760K, used 1058K [0x000001dc82000000, 0x000001dc87460000, 0x000001dc97550000)
  eden space 69120K,   0% used [0x000001dc82000000, 0x000001dc82000000, 0x000001dc86380000)
  from space 8640K,  12% used [0x000001dc86bf0000, 0x000001dc86cf8bf0, 0x000001dc87460000)
  to   space 8640K,   0% used [0x000001dc86380000, 0x000001dc86380000, 0x000001dc86bf0000)
 tenured generation   total 172644K, used 103586K [0x000001dc97550000, 0x000001dca1de9000, 0x000001dcc2000000)
   the space 172644K,  59% used [0x000001dc97550000, 0x000001dc9da78868, 0x000001dc9da78a00, 0x000001dca1de9000)
 Metaspace       used 50825K, capacity 51270K, committed 51628K, reserved 53248K
}
Event: 232.613 GC heap before
{Heap before GC invocations=61 (full 21):
 def new generation   total 77760K, used 70178K [0x000001dc82000000, 0x000001dc87460000, 0x000001dc97550000)
  eden space 69120K, 100% used [0x000001dc82000000, 0x000001dc86380000, 0x000001dc86380000)
  from space 8640K,  12% used [0x000001dc86bf0000, 0x000001dc86cf8bf0, 0x000001dc87460000)
  to   space 8640K,   0% used [0x000001dc86380000, 0x000001dc86380000, 0x000001dc86bf0000)
 tenured generation   total 172644K, used 103586K [0x000001dc97550000, 0x000001dca1de9000, 0x000001dcc2000000)
   the space 172644K,  59% used [0x000001dc97550000, 0x000001dc9da78868, 0x000001dc9da78a00, 0x000001dca1de9000)
 Metaspace       used 50878K, capacity 51339K, committed 51628K, reserved 53248K
}
Event: 232.614 GC heap after
{Heap after GC invocations=62 (full 21):
 def new generation   total 77760K, used 1265K [0x000001dc82000000, 0x000001dc87460000, 0x000001dc97550000)
  eden space 69120K,   0% used [0x000001dc82000000, 0x000001dc82000000, 0x000001dc86380000)
  from space 8640K,  14% used [0x000001dc86380000, 0x000001dc864bc6a0, 0x000001dc86bf0000)
  to   space 8640K,   0% used [0x000001dc86bf0000, 0x000001dc86bf0000, 0x000001dc87460000)
 tenured generation   total 172644K, used 103586K [0x000001dc97550000, 0x000001dca1de9000, 0x000001dcc2000000)
   the space 172644K,  59% used [0x000001dc97550000, 0x000001dc9da78868, 0x000001dc9da78a00, 0x000001dca1de9000)
 Metaspace       used 50878K, capacity 51339K, committed 51628K, reserved 53248K
}
Event: 247.134 GC heap before
{Heap before GC invocations=62 (full 21):
 def new generation   total 77760K, used 70385K [0x000001dc82000000, 0x000001dc87460000, 0x000001dc97550000)
  eden space 69120K, 100% used [0x000001dc82000000, 0x000001dc86380000, 0x000001dc86380000)
  from space 8640K,  14% used [0x000001dc86380000, 0x000001dc864bc6a0, 0x000001dc86bf0000)
  to   space 8640K,   0% used [0x000001dc86bf0000, 0x000001dc86bf0000, 0x000001dc87460000)
 tenured generation   total 172644K, used 103586K [0x000001dc97550000, 0x000001dca1de9000, 0x000001dcc2000000)
   the space 172644K,  59% used [0x000001dc97550000, 0x000001dc9da78868, 0x000001dc9da78a00, 0x000001dca1de9000)
 Metaspace       used 50878K, capacity 51339K, committed 51628K, reserved 53248K
}
Event: 247.135 GC heap after
{Heap after GC invocations=63 (full 21):
 def new generation   total 77760K, used 1218K [0x000001dc82000000, 0x000001dc87460000, 0x000001dc97550000)
  eden space 69120K,   0% used [0x000001dc82000000, 0x000001dc82000000, 0x000001dc86380000)
  from space 8640K,  14% used [0x000001dc86bf0000, 0x000001dc86d20948, 0x000001dc87460000)
  to   space 8640K,   0% used [0x000001dc86380000, 0x000001dc86380000, 0x000001dc86bf0000)
 tenured generation   total 172644K, used 103586K [0x000001dc97550000, 0x000001dca1de9000, 0x000001dcc2000000)
   the space 172644K,  59% used [0x000001dc97550000, 0x000001dc9da78868, 0x000001dc9da78a00, 0x000001dca1de9000)
 Metaspace       used 50878K, capacity 51339K, committed 51628K, reserved 53248K
}
Event: 262.124 GC heap before
{Heap before GC invocations=63 (full 21):
 def new generation   total 77760K, used 70338K [0x000001dc82000000, 0x000001dc87460000, 0x000001dc97550000)
  eden space 69120K, 100% used [0x000001dc82000000, 0x000001dc86380000, 0x000001dc86380000)
  from space 8640K,  14% used [0x000001dc86bf0000, 0x000001dc86d20948, 0x000001dc87460000)
  to   space 8640K,   0% used [0x000001dc86380000, 0x000001dc86380000, 0x000001dc86bf0000)
 tenured generation   total 172644K, used 103586K [0x000001dc97550000, 0x000001dca1de9000, 0x000001dcc2000000)
   the space 172644K,  59% used [0x000001dc97550000, 0x000001dc9da78868, 0x000001dc9da78a00, 0x000001dca1de9000)
 Metaspace       used 51013K, capacity 51469K, committed 51628K, reserved 53248K
}
Event: 262.127 GC heap after
{Heap after GC invocations=64 (full 21):
 def new generation   total 77760K, used 1512K [0x000001dc82000000, 0x000001dc87460000, 0x000001dc97550000)
  eden space 69120K,   0% used [0x000001dc82000000, 0x000001dc82000000, 0x000001dc86380000)
  from space 8640K,  17% used [0x000001dc86380000, 0x000001dc864fa300, 0x000001dc86bf0000)
  to   space 8640K,   0% used [0x000001dc86bf0000, 0x000001dc86bf0000, 0x000001dc87460000)
 tenured generation   total 172644K, used 118900K [0x000001dc97550000, 0x000001dca1de9000, 0x000001dcc2000000)
   the space 172644K,  68% used [0x000001dc97550000, 0x000001dc9e96d0c0, 0x000001dc9e96d200, 0x000001dca1de9000)
 Metaspace       used 51013K, capacity 51469K, committed 51628K, reserved 53248K
}
Event: 264.833 GC heap before
{Heap before GC invocations=64 (full 21):
 def new generation   total 77760K, used 70632K [0x000001dc82000000, 0x000001dc87460000, 0x000001dc97550000)
  eden space 69120K, 100% used [0x000001dc82000000, 0x000001dc86380000, 0x000001dc86380000)
  from space 8640K,  17% used [0x000001dc86380000, 0x000001dc864fa300, 0x000001dc86bf0000)
  to   space 8640K,   0% used [0x000001dc86bf0000, 0x000001dc86bf0000, 0x000001dc87460000)
 tenured generation   total 172644K, used 118900K [0x000001dc97550000, 0x000001dca1de9000, 0x000001dcc2000000)
   the space 172644K,  68% used [0x000001dc97550000, 0x000001dc9e96d0c0, 0x000001dc9e96d200, 0x000001dca1de9000)
 Metaspace       used 51134K, capacity 51600K, committed 51884K, reserved 53248K
}
Event: 264.837 GC heap after
{Heap after GC invocations=65 (full 21):
 def new generation   total 77760K, used 8337K [0x000001dc82000000, 0x000001dc87460000, 0x000001dc97550000)
  eden space 69120K,   0% used [0x000001dc82000000, 0x000001dc82000000, 0x000001dc86380000)
  from space 8640K,  96% used [0x000001dc86bf0000, 0x000001dc87414798, 0x000001dc87460000)
  to   space 8640K,   0% used [0x000001dc86380000, 0x000001dc86380000, 0x000001dc86bf0000)
 tenured generation   total 172644K, used 118900K [0x000001dc97550000, 0x000001dca1de9000, 0x000001dcc2000000)
   the space 172644K,  68% used [0x000001dc97550000, 0x000001dc9e96d0c0, 0x000001dc9e96d200, 0x000001dca1de9000)
 Metaspace       used 51134K, capacity 51600K, committed 51884K, reserved 53248K
}
Event: 269.702 GC heap before
{Heap before GC invocations=65 (full 21):
 def new generation   total 77760K, used 77457K [0x000001dc82000000, 0x000001dc87460000, 0x000001dc97550000)
  eden space 69120K, 100% used [0x000001dc82000000, 0x000001dc86380000, 0x000001dc86380000)
  from space 8640K,  96% used [0x000001dc86bf0000, 0x000001dc87414798, 0x000001dc87460000)
  to   space 8640K,   0% used [0x000001dc86380000, 0x000001dc86380000, 0x000001dc86bf0000)
 tenured generation   total 172644K, used 118900K [0x000001dc97550000, 0x000001dca1de9000, 0x000001dcc2000000)
   the space 172644K,  68% used [0x000001dc97550000, 0x000001dc9e96d0c0, 0x000001dc9e96d200, 0x000001dca1de9000)
 Metaspace       used 51134K, capacity 51600K, committed 51884K, reserved 53248K
}
Event: 269.705 GC heap after
{Heap after GC invocations=66 (full 21):
 def new generation   total 77760K, used 890K [0x000001dc82000000, 0x000001dc87460000, 0x000001dc97550000)
  eden space 69120K,   0% used [0x000001dc82000000, 0x000001dc82000000, 0x000001dc86380000)
  from space 8640K,  10% used [0x000001dc86380000, 0x000001dc8645e850, 0x000001dc86bf0000)
  to   space 8640K,   0% used [0x000001dc86bf0000, 0x000001dc86bf0000, 0x000001dc87460000)
 tenured generation   total 172644K, used 126374K [0x000001dc97550000, 0x000001dca1de9000, 0x000001dcc2000000)
   the space 172644K,  73% used [0x000001dc97550000, 0x000001dc9f0b9a58, 0x000001dc9f0b9c00, 0x000001dca1de9000)
 Metaspace       used 51134K, capacity 51600K, committed 51884K, reserved 53248K
}

