# JRE version: OpenJDK Runtime Environment Temurin-11.0.25+9 (11.0.25+9) (build 11.0.25+9)
# Java VM: OpenJDK 64-Bit Client VM Temurin-11.0.25+9 (11.0.25+9, mixed mode, serial gc, windows-amd64)
Heap:
 def new generation   total 227520K, used 24479K [0x000001e36ce00000, 0x000001e37c4d0000, 0x000001e382350000)
  eden space 202304K,   7% used [0x000001e36ce00000, 0x000001e36dbe16d8, 0x000001e379390000)
  from space 25216K,  40% used [0x000001e37ac30000, 0x000001e37b636868, 0x000001e37c4d0000)
  to   space 25216K,   0% used [0x000001e379390000, 0x000001e379390000, 0x000001e37ac30000)
 tenured generation   total 505440K, used 303237K [0x000001e382350000, 0x000001e3a10e8000, 0x000001e3ace00000)
   the space 505440K,  59% used [0x000001e382350000, 0x000001e394b715f0, 0x000001e394b71600, 0x000001e3a10e8000)
 Metaspace       used 51488K, capacity 51995K, committed 52224K, reserved 53248K
GC Heap History (20 events):
Event: 10.500 GC heap before
{Heap before GC invocations=50 (full 19):
 def new generation   total 87872K, used 3163K [0x000001e36ce00000, 0x000001e372d50000, 0x000001e382350000)
  eden space 78144K,   4% used [0x000001e36ce00000, 0x000001e36d116fd0, 0x000001e371a50000)
  from space 9728K,   0% used [0x000001e371a50000, 0x000001e371a50000, 0x000001e3723d0000)
  to   space 9728K,   0% used [0x000001e3723d0000, 0x000001e3723d0000, 0x000001e372d50000)
 tenured generation   total 195064K, used 117038K [0x000001e382350000, 0x000001e38e1ce000, 0x000001e3ace00000)
   the space 195064K,  59% used [0x000001e382350000, 0x000001e38959b990, 0x000001e38959ba00, 0x000001e38e1ce000)
 Metaspace       used 48681K, capacity 49066K, committed 49152K, reserved 49152K
}
Event: 10.501 GC heap after
{Heap after GC invocations=51 (full 19):
 def new generation   total 87872K, used 174K [0x000001e36ce00000, 0x000001e372d50000, 0x000001e382350000)
  eden space 78144K,   0% used [0x000001e36ce00000, 0x000001e36ce00000, 0x000001e371a50000)
  from space 9728K,   1% used [0x000001e3723d0000, 0x000001e3723fb950, 0x000001e372d50000)
  to   space 9728K,   0% used [0x000001e371a50000, 0x000001e371a50000, 0x000001e3723d0000)
 tenured generation   total 195064K, used 117038K [0x000001e382350000, 0x000001e38e1ce000, 0x000001e3ace00000)
   the space 195064K,  59% used [0x000001e382350000, 0x000001e38959b990, 0x000001e38959ba00, 0x000001e38e1ce000)
 Metaspace       used 48681K, capacity 49066K, committed 49152K, reserved 49152K
}
Event: 10.546 GC heap before
{Heap before GC invocations=51 (full 19):
 def new generation   total 87872K, used 7240K [0x000001e36ce00000, 0x000001e372d50000, 0x000001e382350000)
  eden space 78144K,   9% used [0x000001e36ce00000, 0x000001e36d4e69e0, 0x000001e371a50000)
  from space 9728K,   1% used [0x000001e3723d0000, 0x000001e3723fb950, 0x000001e372d50000)
  to   space 9728K,   0% used [0x000001e371a50000, 0x000001e371a50000, 0x000001e3723d0000)
 tenured generation   total 195064K, used 117038K [0x000001e382350000, 0x000001e38e1ce000, 0x000001e3ace00000)
   the space 195064K,  59% used [0x000001e382350000, 0x000001e38959b990, 0x000001e38959ba00, 0x000001e38e1ce000)
 Metaspace       used 48820K, capacity 49261K, committed 49408K, reserved 51200K
}
Event: 10.547 GC heap after
{Heap after GC invocations=52 (full 19):
 def new generation   total 87872K, used 425K [0x000001e36ce00000, 0x000001e372d50000, 0x000001e382350000)
  eden space 78144K,   0% used [0x000001e36ce00000, 0x000001e36ce00000, 0x000001e371a50000)
  from space 9728K,   4% used [0x000001e371a50000, 0x000001e371aba648, 0x000001e3723d0000)
  to   space 9728K,   0% used [0x000001e3723d0000, 0x000001e3723d0000, 0x000001e372d50000)
 tenured generation   total 195064K, used 117038K [0x000001e382350000, 0x000001e38e1ce000, 0x000001e3ace00000)
   the space 195064K,  59% used [0x000001e382350000, 0x000001e38959b990, 0x000001e38959ba00, 0x000001e38e1ce000)
 Metaspace       used 48820K, capacity 49261K, committed 49408K, reserved 51200K
}
Event: 10.585 GC heap before
{Heap before GC invocations=52 (full 19):
 def new generation   total 87872K, used 1676K [0x000001e36ce00000, 0x000001e372d50000, 0x000001e382350000)
  eden space 78144K,   1% used [0x000001e36ce00000, 0x000001e36cf389d8, 0x000001e371a50000)
  from space 9728K,   4% used [0x000001e371a50000, 0x000001e371aba648, 0x000001e3723d0000)
  to   space 9728K,   0% used [0x000001e3723d0000, 0x000001e3723d0000, 0x000001e372d50000)
 tenured generation   total 195064K, used 117038K [0x000001e382350000, 0x000001e38e1ce000, 0x000001e3ace00000)
   the space 195064K,  59% used [0x000001e382350000, 0x000001e38959b990, 0x000001e38959ba00, 0x000001e38e1ce000)
 Metaspace       used 48820K, capacity 49261K, committed 49408K, reserved 51200K
}
Event: 10.641 GC heap after
{Heap after GC invocations=53 (full 20):
 def new generation   total 87872K, used 0K [0x000001e36ce00000, 0x000001e372d50000, 0x000001e382350000)
  eden space 78144K,   0% used [0x000001e36ce00000, 0x000001e36ce00000, 0x000001e371a50000)
  from space 9728K,   0% used [0x000001e371a50000, 0x000001e371a50000, 0x000001e3723d0000)
  to   space 9728K,   0% used [0x000001e3723d0000, 0x000001e3723d0000, 0x000001e372d50000)
 tenured generation   total 195064K, used 110817K [0x000001e382350000, 0x000001e38e1ce000, 0x000001e3ace00000)
   the space 195064K,  56% used [0x000001e382350000, 0x000001e388f88668, 0x000001e388f88800, 0x000001e38e1ce000)
 Metaspace       used 48820K, capacity 49261K, committed 49408K, reserved 51200K
}
Event: 10.792 GC heap before
{Heap before GC invocations=53 (full 20):
 def new generation   total 87872K, used 22952K [0x000001e36ce00000, 0x000001e372d50000, 0x000001e382350000)
  eden space 78144K,  29% used [0x000001e36ce00000, 0x000001e36e46a028, 0x000001e371a50000)
  from space 9728K,   0% used [0x000001e371a50000, 0x000001e371a50000, 0x000001e3723d0000)
  to   space 9728K,   0% used [0x000001e3723d0000, 0x000001e3723d0000, 0x000001e372d50000)
 tenured generation   total 195064K, used 110817K [0x000001e382350000, 0x000001e38e1ce000, 0x000001e3ace00000)
   the space 195064K,  56% used [0x000001e382350000, 0x000001e388f88668, 0x000001e388f88800, 0x000001e38e1ce000)
 Metaspace       used 49716K, capacity 50157K, committed 50176K, reserved 51200K
}
Event: 10.836 GC heap after
{Heap after GC invocations=54 (full 21):
 def new generation   total 87872K, used 0K [0x000001e36ce00000, 0x000001e372d50000, 0x000001e382350000)
  eden space 78144K,   0% used [0x000001e36ce00000, 0x000001e36ce00000, 0x000001e371a50000)
  from space 9728K,   0% used [0x000001e371a50000, 0x000001e371a50000, 0x000001e3723d0000)
  to   space 9728K,   0% used [0x000001e3723d0000, 0x000001e3723d0000, 0x000001e372d50000)
 tenured generation   total 195064K, used 112580K [0x000001e382350000, 0x000001e38e1ce000, 0x000001e3ace00000)
   the space 195064K,  57% used [0x000001e382350000, 0x000001e389141040, 0x000001e389141200, 0x000001e38e1ce000)
 Metaspace       used 49650K, capacity 50074K, committed 50176K, reserved 51200K
}
Event: 12.662 GC heap before
{Heap before GC invocations=54 (full 21):
 def new generation   total 87872K, used 77467K [0x000001e36ce00000, 0x000001e372d50000, 0x000001e382350000)
  eden space 78144K,  99% used [0x000001e36ce00000, 0x000001e3719a6e88, 0x000001e371a50000)
  from space 9728K,   0% used [0x000001e371a50000, 0x000001e371a50000, 0x000001e3723d0000)
  to   space 9728K,   0% used [0x000001e3723d0000, 0x000001e3723d0000, 0x000001e372d50000)
 tenured generation   total 195064K, used 112580K [0x000001e382350000, 0x000001e38e1ce000, 0x000001e3ace00000)
   the space 195064K,  57% used [0x000001e382350000, 0x000001e389141040, 0x000001e389141200, 0x000001e38e1ce000)
 Metaspace       used 49837K, capacity 50330K, committed 50432K, reserved 51200K
}
Event: 12.690 GC heap after
{Heap after GC invocations=55 (full 21):
 def new generation   total 87872K, used 79K [0x000001e36ce00000, 0x000001e372d50000, 0x000001e382350000)
  eden space 78144K,   0% used [0x000001e36ce00000, 0x000001e36ce00000, 0x000001e371a50000)
  from space 9728K,   0% used [0x000001e3723d0000, 0x000001e3723e3fd8, 0x000001e372d50000)
  to   space 9728K,   0% used [0x000001e371a50000, 0x000001e371a50000, 0x000001e3723d0000)
 tenured generation   total 195064K, used 184022K [0x000001e382350000, 0x000001e38e1ce000, 0x000001e3ace00000)
   the space 195064K,  94% used [0x000001e382350000, 0x000001e38d705888, 0x000001e38d705a00, 0x000001e38e1ce000)
 Metaspace       used 49837K, capacity 50330K, committed 50432K, reserved 51200K
}
Event: 12.729 GC heap before
{Heap before GC invocations=55 (full 21):
 def new generation   total 87872K, used 48124K [0x000001e36ce00000, 0x000001e372d50000, 0x000001e382350000)
  eden space 78144K,  61% used [0x000001e36ce00000, 0x000001e36fceb3e8, 0x000001e371a50000)
  from space 9728K,   0% used [0x000001e3723d0000, 0x000001e3723e3fd8, 0x000001e372d50000)
  to   space 9728K,   0% used [0x000001e371a50000, 0x000001e371a50000, 0x000001e3723d0000)
 tenured generation   total 195064K, used 184022K [0x000001e382350000, 0x000001e38e1ce000, 0x000001e3ace00000)
   the space 195064K,  94% used [0x000001e382350000, 0x000001e38d705888, 0x000001e38d705a00, 0x000001e38e1ce000)
 Metaspace       used 49837K, capacity 50330K, committed 50432K, reserved 51200K
}
Event: 12.770 GC heap after
{Heap after GC invocations=56 (full 22):
 def new generation   total 138112K, used 47734K [0x000001e36ce00000, 0x000001e3763d0000, 0x000001e382350000)
  eden space 122816K,  38% used [0x000001e36ce00000, 0x000001e36fc9d8f8, 0x000001e3745f0000)
  from space 15296K,   0% used [0x000001e3745f0000, 0x000001e3745f0000, 0x000001e3754e0000)
  to   space 15296K,   0% used [0x000001e3754e0000, 0x000001e3754e0000, 0x000001e3763d0000)
 tenured generation   total 306704K, used 184022K [0x000001e382350000, 0x000001e394ed4000, 0x000001e3ace00000)
   the space 306704K,  59% used [0x000001e382350000, 0x000001e38d705888, 0x000001e38d705a00, 0x000001e394ed4000)
 Metaspace       used 49837K, capacity 50330K, committed 50432K, reserved 51200K
}
Event: 16.068 GC heap before
{Heap before GC invocations=56 (full 22):
 def new generation   total 138112K, used 121276K [0x000001e36ce00000, 0x000001e3763d0000, 0x000001e382350000)
  eden space 122816K,  98% used [0x000001e36ce00000, 0x000001e37446f1a8, 0x000001e3745f0000)
  from space 15296K,   0% used [0x000001e3745f0000, 0x000001e3745f0000, 0x000001e3754e0000)
  to   space 15296K,   0% used [0x000001e3754e0000, 0x000001e3754e0000, 0x000001e3763d0000)
 tenured generation   total 306704K, used 184022K [0x000001e382350000, 0x000001e394ed4000, 0x000001e3ace00000)
   the space 306704K,  59% used [0x000001e382350000, 0x000001e38d705888, 0x000001e38d705a00, 0x000001e394ed4000)
 Metaspace       used 49862K, capacity 50330K, committed 50432K, reserved 51200K
}
Event: 16.103 GC heap after
{Heap after GC invocations=57 (full 22):
 def new generation   total 138112K, used 12077K [0x000001e36ce00000, 0x000001e3763d0000, 0x000001e382350000)
  eden space 122816K,   0% used [0x000001e36ce00000, 0x000001e36ce00000, 0x000001e3745f0000)
  from space 15296K,  78% used [0x000001e3754e0000, 0x000001e3760ab570, 0x000001e3763d0000)
  to   space 15296K,   0% used [0x000001e3745f0000, 0x000001e3745f0000, 0x000001e3754e0000)
 tenured generation   total 306704K, used 243557K [0x000001e382350000, 0x000001e394ed4000, 0x000001e3ace00000)
   the space 306704K,  79% used [0x000001e382350000, 0x000001e3911294b8, 0x000001e391129600, 0x000001e394ed4000)
 Metaspace       used 49862K, capacity 50330K, committed 50432K, reserved 51200K
}
Event: 16.141 GC heap before
{Heap before GC invocations=57 (full 22):
 def new generation   total 138112K, used 59707K [0x000001e36ce00000, 0x000001e3763d0000, 0x000001e382350000)
  eden space 122816K,  38% used [0x000001e36ce00000, 0x000001e36fc83878, 0x000001e3745f0000)
  from space 15296K,  78% used [0x000001e3754e0000, 0x000001e3760ab570, 0x000001e3763d0000)
  to   space 15296K,   0% used [0x000001e3745f0000, 0x000001e3745f0000, 0x000001e3754e0000)
 tenured generation   total 306704K, used 243557K [0x000001e382350000, 0x000001e394ed4000, 0x000001e3ace00000)
   the space 306704K,  79% used [0x000001e382350000, 0x000001e3911294b8, 0x000001e391129600, 0x000001e394ed4000)
 Metaspace       used 49862K, capacity 50330K, committed 50432K, reserved 51200K
}
Event: 16.206 GC heap after
{Heap after GC invocations=58 (full 23):
 def new generation   total 227520K, used 0K [0x000001e36ce00000, 0x000001e37c4d0000, 0x000001e382350000)
  eden space 202304K,   0% used [0x000001e36ce00000, 0x000001e36ce00000, 0x000001e379390000)
  from space 25216K,   0% used [0x000001e379390000, 0x000001e379390000, 0x000001e37ac30000)
  to   space 25216K,   0% used [0x000001e37ac30000, 0x000001e37ac30000, 0x000001e37c4d0000)
 tenured generation   total 505440K, used 303262K [0x000001e382350000, 0x000001e3a10e8000, 0x000001e3ace00000)
   the space 505440K,  59% used [0x000001e382350000, 0x000001e394b77a88, 0x000001e394b77c00, 0x000001e3a10e8000)
 Metaspace       used 49862K, capacity 50330K, committed 50432K, reserved 51200K
}
Event: 16.244 GC heap before
{Heap before GC invocations=58 (full 23):
 def new generation   total 227520K, used 215K [0x000001e36ce00000, 0x000001e37c4d0000, 0x000001e382350000)
  eden space 202304K,   0% used [0x000001e36ce00000, 0x000001e36ce35f68, 0x000001e379390000)
  from space 25216K,   0% used [0x000001e379390000, 0x000001e379390000, 0x000001e37ac30000)
  to   space 25216K,   0% used [0x000001e37ac30000, 0x000001e37ac30000, 0x000001e37c4d0000)
 tenured generation   total 505440K, used 303262K [0x000001e382350000, 0x000001e3a10e8000, 0x000001e3ace00000)
   the space 505440K,  59% used [0x000001e382350000, 0x000001e394b77a88, 0x000001e394b77c00, 0x000001e3a10e8000)
 Metaspace       used 49862K, capacity 50330K, committed 50432K, reserved 51200K
}
Event: 16.312 GC heap after
{Heap after GC invocations=59 (full 24):
 def new generation   total 227520K, used 0K [0x000001e36ce00000, 0x000001e37c4d0000, 0x000001e382350000)
  eden space 202304K,   0% used [0x000001e36ce00000, 0x000001e36ce00000, 0x000001e379390000)
  from space 25216K,   0% used [0x000001e379390000, 0x000001e379390000, 0x000001e37ac30000)
  to   space 25216K,   0% used [0x000001e37ac30000, 0x000001e37ac30000, 0x000001e37c4d0000)
 tenured generation   total 505440K, used 303237K [0x000001e382350000, 0x000001e3a10e8000, 0x000001e3ace00000)
   the space 505440K,  59% used [0x000001e382350000, 0x000001e394b715f0, 0x000001e394b71600, 0x000001e3a10e8000)
 Metaspace       used 49862K, capacity 50330K, committed 50432K, reserved 51200K
}
Event: 101.735 GC heap before
{Heap before GC invocations=59 (full 24):
 def new generation   total 227520K, used 202304K [0x000001e36ce00000, 0x000001e37c4d0000, 0x000001e382350000)
  eden space 202304K, 100% used [0x000001e36ce00000, 0x000001e379390000, 0x000001e379390000)
  from space 25216K,   0% used [0x000001e379390000, 0x000001e379390000, 0x000001e37ac30000)
  to   space 25216K,   0% used [0x000001e37ac30000, 0x000001e37ac30000, 0x000001e37c4d0000)
 tenured generation   total 505440K, used 303237K [0x000001e382350000, 0x000001e3a10e8000, 0x000001e3ace00000)
   the space 505440K,  59% used [0x000001e382350000, 0x000001e394b715f0, 0x000001e394b71600, 0x000001e3a10e8000)
 Metaspace       used 51487K, capacity 51995K, committed 52224K, reserved 53248K
}
Event: 101.743 GC heap after
{Heap after GC invocations=60 (full 24):
 def new generation   total 227520K, used 10266K [0x000001e36ce00000, 0x000001e37c4d0000, 0x000001e382350000)
  eden space 202304K,   0% used [0x000001e36ce00000, 0x000001e36ce00000, 0x000001e379390000)
  from space 25216K,  40% used [0x000001e37ac30000, 0x000001e37b636868, 0x000001e37c4d0000)
  to   space 25216K,   0% used [0x000001e379390000, 0x000001e379390000, 0x000001e37ac30000)
 tenured generation   total 505440K, used 303237K [0x000001e382350000, 0x000001e3a10e8000, 0x000001e3ace00000)
   the space 505440K,  59% used [0x000001e382350000, 0x000001e394b715f0, 0x000001e394b71600, 0x000001e3a10e8000)
 Metaspace       used 51487K, capacity 51995K, committed 52224K, reserved 53248K
}

