# JRE version: OpenJDK Runtime Environment Temurin-11.0.25+9 (11.0.25+9) (build 11.0.25+9)
# Java VM: OpenJDK 64-Bit Client VM Temurin-11.0.25+9 (11.0.25+9, mixed mode, serial gc, windows-amd64)
Heap:
 def new generation   total 14976K, used 1990K [0x000001a662c00000, 0x000001a663c30000, 0x000001a668150000)
  eden space 13376K,   8% used [0x000001a662c00000, 0x000001a662d274d8, 0x000001a663910000)
  from space 1600K,  50% used [0x000001a663910000, 0x000001a6639da6a0, 0x000001a663aa0000)
  to   space 1600K,   0% used [0x000001a663aa0000, 0x000001a663aa0000, 0x000001a663c30000)
 tenured generation   total 33036K, used 23207K [0x000001a668150000, 0x000001a66a193000, 0x000001a672c00000)
   the space 33036K,  70% used [0x000001a668150000, 0x000001a6697f9fd8, 0x000001a6697fa000, 0x000001a66a193000)
 Metaspace       used 9465K, capacity 9557K, committed 9728K, reserved 10240K
GC Heap History (20 events):
Event: 0.209 GC heap before
{Heap before GC invocations=2 (full 0):
 def new generation   total 4928K, used 4928K [0x000001a662c00000, 0x000001a663150000, 0x000001a668150000)
  eden space 4416K, 100% used [0x000001a662c00000, 0x000001a663050000, 0x000001a663050000)
  from space 512K, 100% used [0x000001a663050000, 0x000001a6630d0000, 0x000001a6630d0000)
  to   space 512K,   0% used [0x000001a6630d0000, 0x000001a6630d0000, 0x000001a663150000)
 tenured generation   total 10944K, used 3297K [0x000001a668150000, 0x000001a668c00000, 0x000001a672c00000)
   the space 10944K,  30% used [0x000001a668150000, 0x000001a6684887a0, 0x000001a668488800, 0x000001a668c00000)
 Metaspace       used 5235K, capacity 5273K, committed 5376K, reserved 8192K
}
Event: 0.210 GC heap after
{Heap after GC invocations=3 (full 0):
 def new generation   total 4928K, used 512K [0x000001a662c00000, 0x000001a663150000, 0x000001a668150000)
  eden space 4416K,   0% used [0x000001a662c00000, 0x000001a662c00000, 0x000001a663050000)
  from space 512K, 100% used [0x000001a6630d0000, 0x000001a663150000, 0x000001a663150000)
  to   space 512K,   0% used [0x000001a663050000, 0x000001a663050000, 0x000001a6630d0000)
 tenured generation   total 10944K, used 4912K [0x000001a668150000, 0x000001a668c00000, 0x000001a672c00000)
   the space 10944K,  44% used [0x000001a668150000, 0x000001a66861c388, 0x000001a66861c400, 0x000001a668c00000)
 Metaspace       used 5235K, capacity 5273K, committed 5376K, reserved 8192K
}
Event: 0.246 GC heap before
{Heap before GC invocations=3 (full 0):
 def new generation   total 4928K, used 4928K [0x000001a662c00000, 0x000001a663150000, 0x000001a668150000)
  eden space 4416K, 100% used [0x000001a662c00000, 0x000001a663050000, 0x000001a663050000)
  from space 512K, 100% used [0x000001a6630d0000, 0x000001a663150000, 0x000001a663150000)
  to   space 512K,   0% used [0x000001a663050000, 0x000001a663050000, 0x000001a6630d0000)
 tenured generation   total 10944K, used 4912K [0x000001a668150000, 0x000001a668c00000, 0x000001a672c00000)
   the space 10944K,  44% used [0x000001a668150000, 0x000001a66861c388, 0x000001a66861c400, 0x000001a668c00000)
 Metaspace       used 5235K, capacity 5273K, committed 5376K, reserved 8192K
}
Event: 0.247 GC heap after
{Heap after GC invocations=4 (full 0):
 def new generation   total 4928K, used 512K [0x000001a662c00000, 0x000001a663150000, 0x000001a668150000)
  eden space 4416K,   0% used [0x000001a662c00000, 0x000001a662c00000, 0x000001a663050000)
  from space 512K, 100% used [0x000001a663050000, 0x000001a6630d0000, 0x000001a6630d0000)
  to   space 512K,   0% used [0x000001a6630d0000, 0x000001a6630d0000, 0x000001a663150000)
 tenured generation   total 10944K, used 6625K [0x000001a668150000, 0x000001a668c00000, 0x000001a672c00000)
   the space 10944K,  60% used [0x000001a668150000, 0x000001a6687c85c8, 0x000001a6687c8600, 0x000001a668c00000)
 Metaspace       used 5235K, capacity 5273K, committed 5376K, reserved 8192K
}
Event: 0.276 GC heap before
{Heap before GC invocations=4 (full 0):
 def new generation   total 4928K, used 4871K [0x000001a662c00000, 0x000001a663150000, 0x000001a668150000)
  eden space 4416K,  98% used [0x000001a662c00000, 0x000001a663041f50, 0x000001a663050000)
  from space 512K, 100% used [0x000001a663050000, 0x000001a6630d0000, 0x000001a6630d0000)
  to   space 512K,   0% used [0x000001a6630d0000, 0x000001a6630d0000, 0x000001a663150000)
 tenured generation   total 10944K, used 6625K [0x000001a668150000, 0x000001a668c00000, 0x000001a672c00000)
   the space 10944K,  60% used [0x000001a668150000, 0x000001a6687c85c8, 0x000001a6687c8600, 0x000001a668c00000)
 Metaspace       used 5235K, capacity 5273K, committed 5376K, reserved 8192K
}
Event: 0.277 GC heap after
{Heap after GC invocations=5 (full 0):
 def new generation   total 4928K, used 511K [0x000001a662c00000, 0x000001a663150000, 0x000001a668150000)
  eden space 4416K,   0% used [0x000001a662c00000, 0x000001a662c00000, 0x000001a663050000)
  from space 512K,  99% used [0x000001a6630d0000, 0x000001a66314fff8, 0x000001a663150000)
  to   space 512K,   0% used [0x000001a663050000, 0x000001a663050000, 0x000001a6630d0000)
 tenured generation   total 10944K, used 9250K [0x000001a668150000, 0x000001a668c00000, 0x000001a672c00000)
   the space 10944K,  84% used [0x000001a668150000, 0x000001a668a58b20, 0x000001a668a58c00, 0x000001a668c00000)
 Metaspace       used 5235K, capacity 5273K, committed 5376K, reserved 8192K
}
Event: 0.304 GC heap before
{Heap before GC invocations=5 (full 0):
 def new generation   total 4928K, used 4927K [0x000001a662c00000, 0x000001a663150000, 0x000001a668150000)
  eden space 4416K, 100% used [0x000001a662c00000, 0x000001a663050000, 0x000001a663050000)
  from space 512K,  99% used [0x000001a6630d0000, 0x000001a66314fff8, 0x000001a663150000)
  to   space 512K,   0% used [0x000001a663050000, 0x000001a663050000, 0x000001a6630d0000)
 tenured generation   total 10944K, used 9250K [0x000001a668150000, 0x000001a668c00000, 0x000001a672c00000)
   the space 10944K,  84% used [0x000001a668150000, 0x000001a668a58b20, 0x000001a668a58c00, 0x000001a668c00000)
 Metaspace       used 5235K, capacity 5273K, committed 5376K, reserved 8192K
}
Event: 0.308 GC heap after
{Heap after GC invocations=6 (full 1):
 def new generation   total 8704K, used 478K [0x000001a662c00000, 0x000001a663570000, 0x000001a668150000)
  eden space 7744K,   6% used [0x000001a662c00000, 0x000001a662c779d0, 0x000001a663390000)
  from space 960K,   0% used [0x000001a663390000, 0x000001a663390000, 0x000001a663480000)
  to   space 960K,   0% used [0x000001a663480000, 0x000001a663480000, 0x000001a663570000)
 tenured generation   total 19316K, used 11587K [0x000001a668150000, 0x000001a66942d000, 0x000001a672c00000)
   the space 19316K,  59% used [0x000001a668150000, 0x000001a668ca0fa0, 0x000001a668ca1000, 0x000001a66942d000)
 Metaspace       used 5235K, capacity 5273K, committed 5376K, reserved 8192K
}
Event: 0.354 GC heap before
{Heap before GC invocations=6 (full 1):
 def new generation   total 8704K, used 7744K [0x000001a662c00000, 0x000001a663570000, 0x000001a668150000)
  eden space 7744K, 100% used [0x000001a662c00000, 0x000001a663390000, 0x000001a663390000)
  from space 960K,   0% used [0x000001a663390000, 0x000001a663390000, 0x000001a663480000)
  to   space 960K,   0% used [0x000001a663480000, 0x000001a663480000, 0x000001a663570000)
 tenured generation   total 19316K, used 11587K [0x000001a668150000, 0x000001a66942d000, 0x000001a672c00000)
   the space 19316K,  59% used [0x000001a668150000, 0x000001a668ca0fa0, 0x000001a668ca1000, 0x000001a66942d000)
 Metaspace       used 5236K, capacity 5273K, committed 5376K, reserved 8192K
}
Event: 0.356 GC heap after
{Heap after GC invocations=7 (full 1):
 def new generation   total 8704K, used 959K [0x000001a662c00000, 0x000001a663570000, 0x000001a668150000)
  eden space 7744K,   0% used [0x000001a662c00000, 0x000001a662c00000, 0x000001a663390000)
  from space 960K,  99% used [0x000001a663480000, 0x000001a66356fff8, 0x000001a663570000)
  to   space 960K,   0% used [0x000001a663390000, 0x000001a663390000, 0x000001a663480000)
 tenured generation   total 19316K, used 12661K [0x000001a668150000, 0x000001a66942d000, 0x000001a672c00000)
   the space 19316K,  65% used [0x000001a668150000, 0x000001a668dad798, 0x000001a668dad800, 0x000001a66942d000)
 Metaspace       used 5236K, capacity 5273K, committed 5376K, reserved 8192K
}
Event: 0.395 GC heap before
{Heap before GC invocations=7 (full 1):
 def new generation   total 8704K, used 8595K [0x000001a662c00000, 0x000001a663570000, 0x000001a668150000)
  eden space 7744K,  98% used [0x000001a662c00000, 0x000001a663374fa0, 0x000001a663390000)
  from space 960K,  99% used [0x000001a663480000, 0x000001a66356fff8, 0x000001a663570000)
  to   space 960K,   0% used [0x000001a663390000, 0x000001a663390000, 0x000001a663480000)
 tenured generation   total 19316K, used 12661K [0x000001a668150000, 0x000001a66942d000, 0x000001a672c00000)
   the space 19316K,  65% used [0x000001a668150000, 0x000001a668dad798, 0x000001a668dad800, 0x000001a66942d000)
 Metaspace       used 5236K, capacity 5273K, committed 5376K, reserved 8192K
}
Event: 0.397 GC heap after
{Heap after GC invocations=8 (full 1):
 def new generation   total 8704K, used 959K [0x000001a662c00000, 0x000001a663570000, 0x000001a668150000)
  eden space 7744K,   0% used [0x000001a662c00000, 0x000001a662c00000, 0x000001a663390000)
  from space 960K,  99% used [0x000001a663390000, 0x000001a66347fff8, 0x000001a663480000)
  to   space 960K,   0% used [0x000001a663480000, 0x000001a663480000, 0x000001a663570000)
 tenured generation   total 19316K, used 15253K [0x000001a668150000, 0x000001a66942d000, 0x000001a672c00000)
   the space 19316K,  78% used [0x000001a668150000, 0x000001a669035740, 0x000001a669035800, 0x000001a66942d000)
 Metaspace       used 5236K, capacity 5273K, committed 5376K, reserved 8192K
}
Event: 0.456 GC heap before
{Heap before GC invocations=8 (full 1):
 def new generation   total 8704K, used 8703K [0x000001a662c00000, 0x000001a663570000, 0x000001a668150000)
  eden space 7744K, 100% used [0x000001a662c00000, 0x000001a663390000, 0x000001a663390000)
  from space 960K,  99% used [0x000001a663390000, 0x000001a66347fff8, 0x000001a663480000)
  to   space 960K,   0% used [0x000001a663480000, 0x000001a663480000, 0x000001a663570000)
 tenured generation   total 19316K, used 15253K [0x000001a668150000, 0x000001a66942d000, 0x000001a672c00000)
   the space 19316K,  78% used [0x000001a668150000, 0x000001a669035740, 0x000001a669035800, 0x000001a66942d000)
 Metaspace       used 6753K, capacity 6813K, committed 6912K, reserved 8192K
}
Event: 0.459 GC heap after
{Heap after GC invocations=9 (full 1):
 def new generation   total 8704K, used 959K [0x000001a662c00000, 0x000001a663570000, 0x000001a668150000)
  eden space 7744K,   0% used [0x000001a662c00000, 0x000001a662c00000, 0x000001a663390000)
  from space 960K,  99% used [0x000001a663480000, 0x000001a66356fff8, 0x000001a663570000)
  to   space 960K,   0% used [0x000001a663390000, 0x000001a663390000, 0x000001a663480000)
 tenured generation   total 19316K, used 18726K [0x000001a668150000, 0x000001a66942d000, 0x000001a672c00000)
   the space 19316K,  96% used [0x000001a668150000, 0x000001a669399a68, 0x000001a669399c00, 0x000001a66942d000)
 Metaspace       used 6753K, capacity 6813K, committed 6912K, reserved 8192K
}
Event: 0.523 GC heap before
{Heap before GC invocations=9 (full 1):
 def new generation   total 8704K, used 8703K [0x000001a662c00000, 0x000001a663570000, 0x000001a668150000)
  eden space 7744K, 100% used [0x000001a662c00000, 0x000001a663390000, 0x000001a663390000)
  from space 960K,  99% used [0x000001a663480000, 0x000001a66356fff8, 0x000001a663570000)
  to   space 960K,   0% used [0x000001a663390000, 0x000001a663390000, 0x000001a663480000)
 tenured generation   total 19316K, used 18726K [0x000001a668150000, 0x000001a66942d000, 0x000001a672c00000)
   the space 19316K,  96% used [0x000001a668150000, 0x000001a669399a68, 0x000001a669399c00, 0x000001a66942d000)
 Metaspace       used 8307K, capacity 8367K, committed 8448K, reserved 10240K
}
Event: 0.530 GC heap after
{Heap after GC invocations=10 (full 2):
 def new generation   total 14976K, used 938K [0x000001a662c00000, 0x000001a663c30000, 0x000001a668150000)
  eden space 13376K,   7% used [0x000001a662c00000, 0x000001a662ceabf8, 0x000001a663910000)
  from space 1600K,   0% used [0x000001a663910000, 0x000001a663910000, 0x000001a663aa0000)
  to   space 1600K,   0% used [0x000001a663aa0000, 0x000001a663aa0000, 0x000001a663c30000)
 tenured generation   total 33036K, used 19819K [0x000001a668150000, 0x000001a66a193000, 0x000001a672c00000)
   the space 33036K,  59% used [0x000001a668150000, 0x000001a6694aafe8, 0x000001a6694ab000, 0x000001a66a193000)
 Metaspace       used 8307K, capacity 8367K, committed 8448K, reserved 10240K
}
Event: 0.598 GC heap before
{Heap before GC invocations=10 (full 2):
 def new generation   total 14976K, used 13376K [0x000001a662c00000, 0x000001a663c30000, 0x000001a668150000)
  eden space 13376K, 100% used [0x000001a662c00000, 0x000001a663910000, 0x000001a663910000)
  from space 1600K,   0% used [0x000001a663910000, 0x000001a663910000, 0x000001a663aa0000)
  to   space 1600K,   0% used [0x000001a663aa0000, 0x000001a663aa0000, 0x000001a663c30000)
 tenured generation   total 33036K, used 19819K [0x000001a668150000, 0x000001a66a193000, 0x000001a672c00000)
   the space 33036K,  59% used [0x000001a668150000, 0x000001a6694aafe8, 0x000001a6694ab000, 0x000001a66a193000)
 Metaspace       used 8307K, capacity 8367K, committed 8448K, reserved 10240K
}
Event: 0.601 GC heap after
{Heap after GC invocations=11 (full 2):
 def new generation   total 14976K, used 1600K [0x000001a662c00000, 0x000001a663c30000, 0x000001a668150000)
  eden space 13376K,   0% used [0x000001a662c00000, 0x000001a662c00000, 0x000001a663910000)
  from space 1600K, 100% used [0x000001a663aa0000, 0x000001a663c30000, 0x000001a663c30000)
  to   space 1600K,   0% used [0x000001a663910000, 0x000001a663910000, 0x000001a663aa0000)
 tenured generation   total 33036K, used 21616K [0x000001a668150000, 0x000001a66a193000, 0x000001a672c00000)
   the space 33036K,  65% used [0x000001a668150000, 0x000001a66966c050, 0x000001a66966c200, 0x000001a66a193000)
 Metaspace       used 8307K, capacity 8367K, committed 8448K, reserved 10240K
}
Event: 0.796 GC heap before
{Heap before GC invocations=11 (full 2):
 def new generation   total 14976K, used 14976K [0x000001a662c00000, 0x000001a663c30000, 0x000001a668150000)
  eden space 13376K, 100% used [0x000001a662c00000, 0x000001a663910000, 0x000001a663910000)
  from space 1600K, 100% used [0x000001a663aa0000, 0x000001a663c30000, 0x000001a663c30000)
  to   space 1600K,   0% used [0x000001a663910000, 0x000001a663910000, 0x000001a663aa0000)
 tenured generation   total 33036K, used 21616K [0x000001a668150000, 0x000001a66a193000, 0x000001a672c00000)
   the space 33036K,  65% used [0x000001a668150000, 0x000001a66966c050, 0x000001a66966c200, 0x000001a66a193000)
 Metaspace       used 9452K, capacity 9557K, committed 9728K, reserved 10240K
}
Event: 0.798 GC heap after
{Heap after GC invocations=12 (full 2):
 def new generation   total 14976K, used 809K [0x000001a662c00000, 0x000001a663c30000, 0x000001a668150000)
  eden space 13376K,   0% used [0x000001a662c00000, 0x000001a662c00000, 0x000001a663910000)
  from space 1600K,  50% used [0x000001a663910000, 0x000001a6639da6a0, 0x000001a663aa0000)
  to   space 1600K,   0% used [0x000001a663aa0000, 0x000001a663aa0000, 0x000001a663c30000)
 tenured generation   total 33036K, used 23207K [0x000001a668150000, 0x000001a66a193000, 0x000001a672c00000)
   the space 33036K,  70% used [0x000001a668150000, 0x000001a6697f9fd8, 0x000001a6697fa000, 0x000001a66a193000)
 Metaspace       used 9452K, capacity 9557K, committed 9728K, reserved 10240K
}

